INSERT usertable user6284781860667377210 [ field0=$Ku7, ]
INSERT usertable user6284781860667377211 [ field0=$Ku7, ]
READ usertable user6284781860667377211 [ field0 ]
INSERT usertable user8517097267634966620 [ field0=*&b*^ ]
INSERT usertable user1820151046732198393 [ field0=:Q5!\ ]
INSERT usertable user4052466453699787802 [ field0=&&~2  ]
READ usertable user4052466453699787802 [ field0 ]
INSERT usertable user3232700585171816769 [ field0=84p>G ]
READ usertable user3232700585171816769 [ field0 ]
READ usertable user3232700585171816769 [ field0 ]
READ usertable user4052466453699787802 [ field0 ]
INSERT usertable user1000385178204227360 [ field0=)[{/E ]
READ usertable user1000385178204227360 [ field0 ]
INSERT usertable user7697331399106995587 [ field0=2'h;S ]
READ usertable user7697331399106995587 [ field0 ]
READ usertable user7697331399106995587 [ field0 ]
READ usertable user1000385178204227360 [ field0 ]
INSERT usertable user5465015992139406178 [ field0=*!r?_ ]
READ usertable user5465015992139406178 [ field0 ]
READ usertable user5465015992139406178 [ field0 ]
INSERT usertable user6873002678636213555 [ field0=77x.G ]
READ usertable user5465015992139406178 [ field0 ]
INSERT usertable user9105318085603802964 [ field0=7;*=V ]
INSERT usertable user2408371864701034737 [ field0=7$|*7 ]
INSERT usertable user4640687271668624146 [ field0='P;4@ ]
INSERT usertable user2644479767202980425 [ field0==D." ]
READ usertable user2644479767202980425 [ field0 ]
INSERT usertable user412164360235391016 [ field0=+J--, ]
INSERT usertable user7109110581138159243 [ field0=8%h/Q ]
READ usertable user7109110581138159243 [ field0 ]
INSERT usertable user4876795174170569834 [ field0=6K-!4 ]
READ usertable user4876795174170569834 [ field0 ]
INSERT usertable user7461223496605049899 [ field0=5Ay:E ]
READ usertable user7461223496605049899 [ field0 ]
INSERT usertable user8753205170136912308 [ field0='$>,T ]
READ usertable user7461223496605049899 [ field0 ]
READ usertable user8753205170136912308 [ field0 ]
READ usertable user8753205170136912308 [ field0 ]
INSERT usertable user2996592682669871081 [ field0=*=l>+ ]
INSERT usertable user5228908089637460490 [ field0=6/(!> ]
INSERT usertable user2056258949234144081 [ field0=3:|:] ]
READ usertable user2056258949234144081 [ field0 ]
READ usertable user5228908089637460490 [ field0 ]
READ usertable user2056258949234144081 [ field0 ]
READ usertable user2056258949234144081 [ field0 ]
INSERT usertable user176056457733445328 [ field0=1!~&- ]
INSERT usertable user6520889763169322899 [ field0=++x+: ]
READ usertable user6520889763169322899 [ field0 ]
READ usertable user6520889763169322899 [ field0 ]
READ usertable user6520889763169322899 [ field0 ]
INSERT usertable user4288574356201733490 [ field0=([#=, ]
INSERT usertable user8049444314573886243 [ field0=/7.)* ]
INSERT usertable user8164984352168075964 [ field0= ^#<- ]
INSERT usertable user3584813500638707425 [ field0=*>45' ]
INSERT usertable user5817128907606296834 [ field0=)J{?  ]
READ usertable user5817128907606296834 [ field0 ]
READ usertable user5817128907606296834 [ field0 ]
READ usertable user5817128907606296834 [ field0 ]
INSERT usertable user1468038131265307737 [ field0=>Q=8V ]
READ usertable user1468038131265307737 [ field0 ]
INSERT usertable user764277275702281672 [ field0=3Z3 V ]
INSERT usertable user5932668945200486555 [ field0=)[a7H ]
INSERT usertable user3700353538232897146 [ field0=6Sw'O ]
INSERT usertable user3931898588792031835 [ field0=2>h?& ]
READ usertable user3931898588792031835 [ field0 ]
READ usertable user3700353538232897146 [ field0 ]
INSERT usertable user6164213995759621244 [ field0=5Xq'Q ]
READ usertable user6164213995759621244 [ field0 ]
READ usertable user6164213995759621244 [ field0 ]
INSERT usertable user532732225143146983 [ field0=&6v?/ ]
READ usertable user532732225143146983 [ field0 ]
INSERT usertable user1699583181824442426 [ field0=5W'5M ]
INSERT usertable user5585583857047162145 [ field0=;:x77 ]
INSERT usertable user3353268450079572736 [ field0=4Og3J ]
READ usertable user3353268450079572736 [ field0 ]
INSERT usertable user8396529402727210653 [ field0=*Sa;F ]
INSERT usertable user7817899264014751554 [ field0=)Na>2 ]
READ usertable user7817899264014751554 [ field0 ]
INSERT usertable user4520119406760868179 [ field0=;):13 ]
READ usertable user4520119406760868179 [ field0 ]
INSERT usertable user6752434813728457588 [ field0=-B306 ]
INSERT usertable user55488592825689361 [ field0=.J)1_ ]
READ usertable user6752434813728457588 [ field0 ]
READ usertable user55488592825689361 [ field0 ]
READ usertable user55488592825689361 [ field0 ]
INSERT usertable user2287803999793278770 [ field0=9>h:4 ]
READ usertable user2287803999793278770 [ field0 ]
INSERT usertable user4997363039078325801 [ field0= L=9W ]
READ usertable user4997363039078325801 [ field0 ]
INSERT usertable user2765047632110736392 [ field0=;5n7! ]
READ usertable user2765047632110736392 [ field0 ]
INSERT usertable user8984750220696046997 [ field0= O1<8 ]
INSERT usertable user7229678446045915210 [ field0=9/")X ]
READ usertable user8984750220696046997 [ field0 ]
INSERT usertable user5108340224729704523 [ field0=!?z'$ ]
READ usertable user5108340224729704523 [ field0 ]
INSERT usertable user7340655631697293932 [ field0=,& )4 ]
READ usertable user7340655631697293932 [ field0 ]
INSERT usertable user643709410794525705 [ field0=&?n/L ]
INSERT usertable user2876024817762115114 [ field0=>D?9D ]
INSERT usertable user4409142221109489457 [ field0=8Tc3X ]
READ usertable user4409142221109489457 [ field0 ]
INSERT usertable user2176826814141900048 [ field0=-B'($ ]
INSERT usertable user8873773035044668275 [ field0=*8* Z ]
INSERT usertable user6641457628077078866 [ field0=+_-%T ]
READ usertable user6641457628077078866 [ field0 ]
INSERT usertable user5696561042698540867 [ field0=,0.$H ]
READ usertable user5696561042698540867 [ field0 ]
READ usertable user5696561042698540867 [ field0 ]
READ usertable user5696561042698540867 [ field0 ]
INSERT usertable user7928876449666130276 [ field0=+P3-D ]
READ usertable user7928876449666130276 [ field0 ]
INSERT usertable user1231930228763362049 [ field0=,<>-G ]
READ usertable user1231930228763362049 [ field0 ]
INSERT usertable user3464245635730951458 [ field0=2Oi3G ]
INSERT usertable user3820921403140653113 [ field0='!b'N ]
READ usertable user3820921403140653113 [ field0 ]
READ usertable user3820921403140653113 [ field0 ]
READ usertable user3820921403140653113 [ field0 ]
INSERT usertable user1588605996173063704 [ field0=+Qe/Z ]
READ usertable user1588605996173063704 [ field0 ]
INSERT usertable user8285552217075831931 [ field0=2W+> ]
INSERT usertable user6053236810108242522 [ field0=/[u2X ]
READ usertable user6053236810108242522 [ field0 ]
INSERT usertable user7456195669291483653 [ field0=<Fe7W ]
READ usertable user7456195669291483653 [ field0 ]
READ usertable user7456195669291483653 [ field0 ]
READ usertable user7456195669291483653 [ field0 ]
READ usertable user7456195669291483653 [ field0 ]
READ usertable user7456195669291483653 [ field0 ]
READ usertable user7456195669291483653 [ field0 ]
READ usertable user7456195669291483653 [ field0 ]
INSERT usertable user5223880262323894244 [ field0=8..1\ ]
READ usertable user5223880262323894244 [ field0 ]
READ usertable user5223880262323894244 [ field0 ]
READ usertable user5223880262323894244 [ field0 ]
READ usertable user5223880262323894244 [ field0 ]
INSERT usertable user6525917590482889145 [ field0=(.|"G ]
INSERT usertable user8758232997450478554 [ field0=;+08$ ]
READ usertable user8758232997450478554 [ field0 ]
INSERT usertable user1473065958578873983 [ field0=7Mk>J ]
READ usertable user1473065958578873983 [ field0 ]
INSERT usertable user3705381365546463392 [ field0=&'t.. ]
INSERT usertable user2991564855356304835 [ field0=:H}6! ]
READ usertable user2991564855356304835 [ field0 ]
INSERT usertable user759249448388715426 [ field0='$4-J ]
READ usertable user759249448388715426 [ field0 ]
READ usertable user759249448388715426 [ field0 ]
INSERT usertable user6867974851322647309 [ field0=+620X ]
INSERT usertable user4635659444355057900 [ field0=6)x>) ]
READ usertable user4635659444355057900 [ field0 ]
READ usertable user4635659444355057900 [ field0 ]
READ usertable user4635659444355057900 [ field0 ]
READ usertable user4635659444355057900 [ field0 ]
INSERT usertable user7114138408451725489 [ field0=6"l:I ]
INSERT usertable user9100290258290236718 [ field0=0W%1< ]
INSERT usertable user2061286776547710327 [ field0=/7l3+ ]
INSERT usertable user4293602183515299736 [ field0=82~?E ]
READ usertable user2061286776547710327 [ field0 ]
INSERT usertable user2403344037387468491 [ field0=1Tk34 ]
READ usertable user2403344037387468491 [ field0 ]
INSERT usertable user171028630419879082 [ field0=88 -@ ]
INSERT usertable user6279754033353810965 [ field0= !p?) ]
READ usertable user6279754033353810965 [ field0 ]
READ usertable user6279754033353810965 [ field0 ]
INSERT usertable user4047438626386221556 [ field0=.+b;X ]
READ usertable user4047438626386221556 [ field0 ]
INSERT usertable user7702359226420561833 [ field0=/;l7+ ]
INSERT usertable user8512069440321400374 [ field0= R1 A ]
INSERT usertable user2649507594516546671 [ field0=+Im>+ ]
INSERT usertable user4881823001484136080 [ field0=-Sm6X ]
READ usertable user4881823001484136080 [ field0 ]
INSERT usertable user1815123219418632147 [ field0=9&~?' ]
READ usertable user1815123219418632147 [ field0 ]
READ usertable user1815123219418632147 [ field0 ]
INSERT usertable user417192187548957262 [ field0='9(,T ]
INSERT usertable user5691533215384974621 [ field0=,D592 ]
READ usertable user5691533215384974621 [ field0 ]
READ usertable user5691533215384974621 [ field0 ]
INSERT usertable user3459217808417385212 [ field0=4R51I ]
READ usertable user5691533215384974621 [ field0 ]
INSERT usertable user8290580044389398177 [ field0=+H'" ]
READ usertable user8290580044389398177 [ field0 ]
READ usertable user8290580044389398177 [ field0 ]
READ usertable user8290580044389398177 [ field0 ]
READ usertable user8290580044389398177 [ field0 ]
INSERT usertable user7923848622352564030 [ field0=#Ke:F ]
READ usertable user7923848622352564030 [ field0 ]
INSERT usertable user3237728412485383015 [ field0=4*f'1 ]
INSERT usertable user5470043819452972424 [ field0=2^9,! ]
READ usertable user5470043819452972424 [ field0 ]
INSERT usertable user1226902401449795803 [ field0=%5v#6 ]
READ usertable user1226902401449795803 [ field0 ]
INSERT usertable user1005413005517793606 [ field0='/p/Z ]
READ usertable user1005413005517793606 [ field0 ]
READ usertable user1005413005517793606 [ field0 ]
READ usertable user1005413005517793606 [ field0 ]
INSERT usertable user8637665132542722587 [ field0=/=n:4 ]
READ usertable user8637665132542722587 [ field0 ]
READ usertable user8637665132542722587 [ field0 ]
READ usertable user1005413005517793606 [ field0 ]
INSERT usertable user7576763534199239620 [ field0=)Ro>M ]
READ usertable user7576763534199239620 [ field0 ]
READ usertable user7576763534199239620 [ field0 ]
READ usertable user7576763534199239620 [ field0 ]
INSERT usertable user4173034318607543769 [ field0=$Jc.X ]
INSERT usertable user6405349725575133178 [ field0=4Lm+& ]
INSERT usertable user879817313296471393 [ field0=4"l34 ]
READ usertable user6405349725575133178 [ field0 ]
READ usertable user879817313296471393 [ field0 ]
READ usertable user879817313296471393 [ field0 ]
READ usertable user879817313296471393 [ field0 ]
INSERT usertable user1352498093671118016 [ field0=>H{+T ]
READ usertable user1352498093671118016 [ field0 ]
READ usertable user1352498093671118016 [ field0 ]
READ usertable user1352498093671118016 [ field0 ]
INSERT usertable user5344448127231650211 [ field0=>!,-% ]
INSERT usertable user3112132720264060802 [ field0=&R=!4 ]
INSERT usertable user9220858123197992685 [ field0=$@c2" ]
INSERT usertable user6988542716230403276 [ field0=(V3<4 ]
READ usertable user9220858123197992685 [ field0 ]
READ usertable user6988542716230403276 [ field0 ]
INSERT usertable user4761255136576380113 [ field0=2/`/" ]
INSERT usertable user6993570543543969522 [ field0=/(n*6 ]
INSERT usertable user291596495327635049 [ field0="G; ^ ]
INSERT usertable user1940718911639954360 [ field0=3Ws7W ]
READ usertable user1940718911639954360 [ field0 ]
READ usertable user1940718911639954360 [ field0 ]
INSERT usertable user4756227309262813867 [ field0=2P=%= ]
INSERT usertable user2523911902295224458 [ field0=*9h.U ]
READ usertable user2523911902295224458 [ field0 ]
INSERT usertable user8632637305229156341 [ field0=#D/V ]
READ usertable user2523911902295224458 [ field0 ]
READ usertable user8632637305229156341 [ field0 ]
READ usertable user8632637305229156341 [ field0 ]
READ usertable user8632637305229156341 [ field0 ]
INSERT usertable user6400321898261566932 [ field0=,6|>P ]
INSERT usertable user5349475954545216457 [ field0=7I%(. ]
READ usertable user5349475954545216457 [ field0 ]
READ usertable user5349475954545216457 [ field0 ]
READ usertable user5349475954545216457 [ field0 ]
INSERT usertable user7581791361512805866 [ field0=7Zs', ]
READ usertable user7581791361512805866 [ field0 ]
READ usertable user7581791361512805866 [ field0 ]
READ usertable user7581791361512805866 [ field0 ]
INSERT usertable user296624322641201295 [ field0=)Lq'9 ]
READ usertable user7581791361512805866 [ field0 ]
READ usertable user296624322641201295 [ field0 ]
READ usertable user296624322641201295 [ field0 ]
READ usertable user296624322641201295 [ field0 ]
READ usertable user296624322641201295 [ field0 ]
INSERT usertable user2528939729608790704 [ field0=03`&0 ]
READ usertable user2528939729608790704 [ field0 ]
READ usertable user2528939729608790704 [ field0 ]
INSERT usertable user4168006491293977523 [ field0=,!x'9 ]
INSERT usertable user1935691084326388114 [ field0= @1%< ]
INSERT usertable user8044416487260319997 [ field0=:Q}#8 ]
INSERT usertable user5812101080292730588 [ field0=*-*!/ ]
INSERT usertable user5937696772514052801 [ field0=?K?87 ]
INSERT usertable user8170012179481642210 [ field0=>&n.6 ]
READ usertable user8170012179481642210 [ field0 ]
INSERT usertable user884845140610037639 [ field0= X7,: ]
INSERT usertable user3117160547577627048 [ field0="Us2H ]
INSERT usertable user3579785673325141179 [ field0=(Q!,W ]
INSERT usertable user1347470266357551770 [ field0=?O+9< ]
INSERT usertable user2750429125540792901 [ field0=9Ig"] ]
INSERT usertable user518113718573203492 [ field0=:R/ D ]
READ usertable user518113718573203492 [ field0 ]
READ usertable user518113718573203492 [ field0 ]
READ usertable user518113718573203492 [ field0 ]
INSERT usertable user7215059939475971719 [ field0=3Ec"* ]
READ usertable user7215059939475971719 [ field0 ]
READ usertable user7215059939475971719 [ field0 ]
READ usertable user7215059939475971719 [ field0 ]
READ usertable user7215059939475971719 [ field0 ]
INSERT usertable user4982744532508382310 [ field0=8We>% ]
READ usertable user4982744532508382310 [ field0 ]
INSERT usertable user6178832502329564735 [ field0=4W993 ]
READ usertable user6178832502329564735 [ field0 ]
READ usertable user6178832502329564735 [ field0 ]
INSERT usertable user8411147909297154144 [ field0=7P+4A ]
INSERT usertable user1714201688394385917 [ field0=4Qi&! ]
INSERT usertable user3946517095361975326 [ field0=#0*(U ]
READ usertable user3946517095361975326 [ field0 ]
INSERT usertable user2162208307571956557 [ field0=$Rw>3 ]
READ usertable user2162208307571956557 [ field0 ]
INSERT usertable user70107099395632852 [ field0=2V-1" ]
READ usertable user70107099395632852 [ field0 ]
READ usertable user70107099395632852 [ field0 ]
READ usertable user70107099395632852 [ field0 ]
READ usertable user70107099395632852 [ field0 ]
READ usertable user70107099395632852 [ field0 ]
INSERT usertable user6626839121507135375 [ field0= J)<5 ]
INSERT usertable user4394523714539545966 [ field0=8-z?_ ]
INSERT usertable user6767053320298401079 [ field0=<*n/) ]
READ usertable user6767053320298401079 [ field0 ]
READ usertable user6767053320298401079 [ field0 ]
READ usertable user6767053320298401079 [ field0 ]
INSERT usertable user8999368727265990488 [ field0=4Ze"! ]
INSERT usertable user2302422506363222261 [ field0=-6l/4 ]
READ usertable user2302422506363222261 [ field0 ]
INSERT usertable user4534737913330811670 [ field0=*Ly>% ]
READ usertable user4534737913330811670 [ field0 ]
INSERT usertable user1573987489603120213 [ field0=(;<<G ]
INSERT usertable user658327917364469196 [ field0=+Q;)S ]
READ usertable user658327917364469196 [ field0 ]
READ usertable user658327917364469196 [ field0 ]
READ usertable user658327917364469196 [ field0 ]
READ usertable user658327917364469196 [ field0 ]
INSERT usertable user6038618303538299031 [ field0=%[y36 ]
INSERT usertable user3806302896570709622 [ field0=7<h*8 ]
INSERT usertable user7355274138267237423 [ field0=9%d3+ ]
READ usertable user7355274138267237423 [ field0 ]
READ usertable user7355274138267237423 [ field0 ]
INSERT usertable user8859154528474724784 [ field0=0Wi>A ]
INSERT usertable user2890643324332058605 [ field0= 7l#D ]
READ usertable user2890643324332058605 [ field0 ]
READ usertable user2890643324332058605 [ field0 ]
READ usertable user2890643324332058605 [ field0 ]
READ usertable user2890643324332058605 [ field0 ]
READ usertable user8859154528474724784 [ field0 ]
READ usertable user2890643324332058605 [ field0 ]
READ usertable user2890643324332058605 [ field0 ]
INSERT usertable user5122958731299648014 [ field0=27r/; ]
INSERT usertable user985766671634283869 [ field0=*Fc6[ ]
INSERT usertable user1246548735333305540 [ field0=(Uq6/ ]
READ usertable user985766671634283869 [ field0 ]
READ usertable user985766671634283869 [ field0 ]
READ usertable user1246548735333305540 [ field0 ]
INSERT usertable user5450397485569462687 [ field0=!Gg+N ]
READ usertable user5450397485569462687 [ field0 ]
INSERT usertable user3218082078601873278 [ field0=%9.-[ ]
READ usertable user3218082078601873278 [ field0 ]
READ usertable user3218082078601873278 [ field0 ]
READ usertable user3218082078601873278 [ field0 ]
READ usertable user3218082078601873278 [ field0 ]
READ usertable user3218082078601873278 [ field0 ]
READ usertable user3218082078601873278 [ field0 ]
INSERT usertable user7943494956236073767 [ field0= B}2) ]
READ usertable user7943494956236073767 [ field0 ]
READ usertable user7943494956236073767 [ field0 ]
READ usertable user7943494956236073767 [ field0 ]
INSERT usertable user8270933710505888440 [ field0='@78[ ]
INSERT usertable user3478864142300894949 [ field0=?1&%= ]
READ usertable user3478864142300894949 [ field0 ]
INSERT usertable user5711179549268484358 [ field0=*Uy"  ]
READ usertable user5711179549268484358 [ field0 ]
READ usertable user5711179549268484358 [ field0 ]
INSERT usertable user5103312397416138277 [ field0=8<h3M ]
INSERT usertable user2870996990448548868 [ field0=+Lc>, ]
READ usertable user5103312397416138277 [ field0 ]
READ usertable user2870996990448548868 [ field0 ]
READ usertable user2870996990448548868 [ field0 ]
INSERT usertable user8878800862358234521 [ field0=-Zk/  ]
READ usertable user8878800862358234521 [ field0 ]
INSERT usertable user7335627804383727686 [ field0=5K343 ]
READ usertable user7335627804383727686 [ field0 ]
READ usertable user7335627804383727686 [ field0 ]
READ usertable user7335627804383727686 [ field0 ]
READ usertable user7335627804383727686 [ field0 ]
INSERT usertable user3825949230454219359 [ field0=2Xs#9 ]
INSERT usertable user6058264637421808768 [ field0=!,<!K ]
INSERT usertable user638681583480959459 [ field0=#@!%P ]
READ usertable user638681583480959459 [ field0 ]
READ usertable user638681583480959459 [ field0 ]
INSERT usertable user1593633823486629950 [ field0=>3f7^ ]
READ usertable user1593633823486629950 [ field0 ]
INSERT usertable user4515091579447301933 [ field0=%6~6< ]
READ usertable user4515091579447301933 [ field0 ]
INSERT usertable user2282776172479712524 [ field0=4/z:B ]
INSERT usertable user8979722393382480751 [ field0=.8`+! ]
READ usertable user8979722393382480751 [ field0 ]
INSERT usertable user6747406986414891342 [ field0=2H#8) ]
INSERT usertable user4414170048423055703 [ field0=$=>)8 ]
INSERT usertable user6646485455390645112 [ field0=-!`*8 ]
INSERT usertable user50460765512123115 [ field0=3K}78 ]
INSERT usertable user2181854641455466294 [ field0=9Vs3I ]
INSERT usertable user3926870761478465589 [ field0=2*b:\ ]
READ usertable user3926870761478465589 [ field0 ]
READ usertable user3926870761478465589 [ field0 ]
READ usertable user3926870761478465589 [ field0 ]
READ usertable user3926870761478465589 [ field0 ]
READ usertable user3926870761478465589 [ field0 ]
READ usertable user3926870761478465589 [ field0 ]
INSERT usertable user1694555354510876180 [ field0=-(" P ]
INSERT usertable user8391501575413644407 [ field0=*]e:N ]
INSERT usertable user6159186168446054998 [ field0='M&4 ]
INSERT usertable user5002390866391892047 [ field0=6&8)= ]
READ usertable user5002390866391892047 [ field0 ]
READ usertable user5002390866391892047 [ field0 ]
READ usertable user5002390866391892047 [ field0 ]
READ usertable user5002390866391892047 [ field0 ]
READ usertable user5002390866391892047 [ field0 ]
INSERT usertable user7234706273359481456 [ field0=;@#$W ]
INSERT usertable user537760052456713229 [ field0=3@i/2 ]
INSERT usertable user2770075459424302638 [ field0=7]9<U ]
INSERT usertable user3338649943509629245 [ field0=79b?* ]
INSERT usertable user1106334536542039836 [ field0=;[3=; ]
INSERT usertable user7803280757444808063 [ field0=0So:3 ]
READ usertable user1106334536542039836 [ field0 ]
READ usertable user7803280757444808063 [ field0 ]
READ usertable user7803280757444808063 [ field0 ]
READ usertable user7803280757444808063 [ field0 ]
READ usertable user7803280757444808063 [ field0 ]
INSERT usertable user5570965350477218654 [ field0=2U79% ]
READ usertable user5570965350477218654 [ field0 ]
INSERT usertable user5590611684360728391 [ field0=?Wo2  ]
READ usertable user5590611684360728391 [ field0 ]
INSERT usertable user7822927091328317800 [ field0=9)<=? ]
INSERT usertable user1125980870425549573 [ field0==Vq"* ]
INSERT usertable user3358296277393138982 [ field0=?8r+S ]
READ usertable user3358296277393138982 [ field0 ]
READ usertable user3358296277393138982 [ field0 ]
READ usertable user3358296277393138982 [ field0 ]
READ usertable user3358296277393138982 [ field0 ]
INSERT usertable user1955337418209897851 [ field0=="(1' ]
READ usertable user1955337418209897851 [ field0 ]
INSERT usertable user4187652825177487260 [ field0=;\#0E ]
INSERT usertable user2509293395725280967 [ field0=&">=; ]
READ usertable user4187652825177487260 [ field0 ]
READ usertable user2509293395725280967 [ field0 ]
INSERT usertable user276977988757691558 [ field0=6Hg:& ]
READ usertable user276977988757691558 [ field0 ]
INSERT usertable user7562145027629296129 [ field0=472-^ ]
READ usertable user7562145027629296129 [ field0 ]
INSERT usertable user5329829620661706720 [ field0=$P7 # ]
READ usertable user5329829620661706720 [ field0 ]
READ usertable user7562145027629296129 [ field0 ]
READ usertable user7562145027629296129 [ field0 ]
READ usertable user5329829620661706720 [ field0 ]
INSERT usertable user6419968232145076669 [ field0=2Ny3B ]
INSERT usertable user8652283639112666078 [ field0=57z6O ]
INSERT usertable user2543558236178734195 [ field0= ]1(. ]
READ usertable user2543558236178734195 [ field0 ]
INSERT usertable user4775873643146323604 [ field0=,H/4' ]
INSERT usertable user1921072577756444623 [ field0=+#z7Q ]
INSERT usertable user311242829211144786 [ field0=!Iq+\ ]
READ usertable user311242829211144786 [ field0 ]
INSERT usertable user6973924209660459785 [ field0=4&"$= ]
INSERT usertable user4741608802692870376 [ field0="/>5O ]
INSERT usertable user7008189050113913013 [ field0=71x:Q ]
INSERT usertable user9206239616628049194 [ field0=5?:-: ]
INSERT usertable user3131779054147570539 [ field0==/85% ]
INSERT usertable user5364094461115159948 [ field0=1&09] ]
READ usertable user5364094461115159948 [ field0 ]
INSERT usertable user1332851759787608279 [ field0=1-p2- ]
INSERT usertable user899463647179981130 [ field0=(!j6K ]
READ usertable user1332851759787608279 [ field0 ]
INSERT usertable user6385703391691623441 [ field0="B31R ]
READ usertable user6385703391691623441 [ field0 ]
READ usertable user6385703391691623441 [ field0 ]
READ usertable user6385703391691623441 [ field0 ]
INSERT usertable user4153387984724034032 [ field0=<J%9I ]
INSERT usertable user7596409868082749357 [ field0==D{+) ]
INSERT usertable user8618018798659212850 [ field0=:7n?U ]
READ usertable user7596409868082749357 [ field0 ]
READ usertable user8618018798659212850 [ field0 ]
INSERT usertable user3719999872116406883 [ field0=&Zo&4 ]
READ usertable user3719999872116406883 [ field0 ]
READ usertable user3719999872116406883 [ field0 ]
READ usertable user3719999872116406883 [ field0 ]
INSERT usertable user5952315279083996292 [ field0=,".9# ]
INSERT usertable user744630941818771935 [ field0=*Vq6E ]
READ usertable user744630941818771935 [ field0 ]
INSERT usertable user1487684465148817474 [ field0=>2,8. ]
READ usertable user1487684465148817474 [ field0 ]
READ usertable user1487684465148817474 [ field0 ]
READ usertable user1487684465148817474 [ field0 ]
INSERT usertable user5797482573722787097 [ field0=/Qa?\ ]
READ usertable user5797482573722787097 [ field0 ]
INSERT usertable user3565167166755197688 [ field0=4!(!P ]
INSERT usertable user8184630686051585701 [ field0=<D51S ]
READ usertable user3565167166755197688 [ field0 ]
READ usertable user8184630686051585701 [ field0 ]
INSERT usertable user8029797980690376506 [ field0=!0~+W ]
READ usertable user8029797980690376506 [ field0 ]
INSERT usertable user397545853665447525 [ field0=1Ja.W ]
INSERT usertable user1834769553302141884 [ field0=2_u"; ]
READ usertable user1834769553302141884 [ field0 ]
INSERT usertable user4862176667600626343 [ field0=(1`#Z ]
INSERT usertable user2629861260633036934 [ field0=6+`:Y ]
READ usertable user2629861260633036934 [ field0 ]
READ usertable user2629861260633036934 [ field0 ]
READ usertable user2629861260633036934 [ field0 ]
READ usertable user2629861260633036934 [ field0 ]
READ usertable user2629861260633036934 [ field0 ]
INSERT usertable user8531715774204910111 [ field0==3p;" ]
READ usertable user8531715774204910111 [ field0 ]
READ usertable user8531715774204910111 [ field0 ]
INSERT usertable user7682712892537052096 [ field0=>6<83 ]
READ usertable user7682712892537052096 [ field0 ]
INSERT usertable user4067084960269731293 [ field0=),v;" ]
INSERT usertable user6299400367237320702 [ field0=2>b:" ]
INSERT usertable user190674964303388819 [ field0=*Bq3@ ]
READ usertable user6299400367237320702 [ field0 ]
READ usertable user190674964303388819 [ field0 ]
READ usertable user190674964303388819 [ field0 ]
READ usertable user190674964303388819 [ field0 ]
INSERT usertable user2422990371270978228 [ field0=6,b7R ]
INSERT usertable user4273955849631789999 [ field0=8;"0? ]
INSERT usertable user2041640442664200590 [ field0=4Pi7> ]
READ usertable user2041640442664200590 [ field0 ]
INSERT usertable user9119936592173746455 [ field0=##v"W ]
INSERT usertable user7094492074568215752 [ field0=.R%-[ ]
READ usertable user7094492074568215752 [ field0 ]
READ usertable user7094492074568215752 [ field0 ]
INSERT usertable user4655305778238567637 [ field0=)@y75 ]
INSERT usertable user6887621185206157046 [ field0="6n;4 ]
READ usertable user6887621185206157046 [ field0 ]
READ usertable user6887621185206157046 [ field0 ]
READ usertable user6887621185206157046 [ field0 ]
READ usertable user6887621185206157046 [ field0 ]
READ usertable user6887621185206157046 [ field0 ]
INSERT usertable user778895782272225163 [ field0=!44<< ]
READ usertable user778895782272225163 [ field0 ]
READ usertable user778895782272225163 [ field0 ]
READ usertable user778895782272225163 [ field0 ]
READ usertable user778895782272225163 [ field0 ]
READ usertable user778895782272225163 [ field0 ]
READ usertable user778895782272225163 [ field0 ]
READ usertable user6887621185206157046 [ field0 ]
READ usertable user778895782272225163 [ field0 ]
READ usertable user778895782272225163 [ field0 ]
READ usertable user778895782272225163 [ field0 ]
READ usertable user778895782272225163 [ field0 ]
INSERT usertable user3011211189239814572 [ field0=:A%,( ]
INSERT usertable user3685735031662953655 [ field0=0_{/& ]
INSERT usertable user1453419624695364246 [ field0= #h/- ]
READ usertable user1453419624695364246 [ field0 ]
READ usertable user1453419624695364246 [ field0 ]
INSERT usertable user8738586663566968817 [ field0=#Hw>W ]
INSERT usertable user6506271256599379408 [ field0=9P#19 ]
INSERT usertable user5243526596207403981 [ field0=%Ns*1 ]
READ usertable user5243526596207403981 [ field0 ]
INSERT usertable user7475842003174993390 [ field0==M9!) ]
READ usertable user7475842003174993390 [ field0 ]
READ usertable user7475842003174993390 [ field0 ]
READ usertable user7475842003174993390 [ field0 ]
INSERT usertable user1367116600241061507 [ field0=36 ,D ]
INSERT usertable user3599432007208650916 [ field0=">t>+ ]
INSERT usertable user3097514213694117311 [ field0="Bg;V ]
INSERT usertable user865198806726527902 [ field0=""v;^ ]
READ usertable user865198806726527902 [ field0 ]
INSERT usertable user8150365845598132473 [ field0=)/~35 ]
INSERT usertable user5918050438630543064 [ field0=.Jy/& ]
READ usertable user5918050438630543064 [ field0 ]
READ usertable user5918050438630543064 [ field0 ]
INSERT usertable user5831747414176240325 [ field0=5%h?= ]
INSERT usertable user8064062821143829734 [ field0=8X{*U ]
INSERT usertable user2056600594528442646 [ field0==*d&6 ]
READ usertable user2056600594528442646 [ field0 ]
INSERT usertable user5701465539935650431 [ field0=+4h*G ]
READ usertable user2056600594528442646 [ field0 ]
READ usertable user5701465539935650431 [ field0 ]
READ usertable user2056600594528442646 [ field0 ]
READ usertable user5701465539935650431 [ field0 ]
READ usertable user2056600594528442646 [ field0 ]
INSERT usertable user2408030219406736172 [ field0=5 4$S ]
READ usertable user2408030219406736172 [ field0 ]
READ usertable user2408030219406736172 [ field0 ]
READ usertable user2408030219406736172 [ field0 ]
READ usertable user2408030219406736172 [ field0 ]
INSERT usertable user8280647719838722367 [ field0=6]?-  ]
INSERT usertable user7460881851310751334 [ field0=>]9<^ ]
READ usertable user7460881851310751334 [ field0 ]
READ usertable user8280647719838722367 [ field0 ]
INSERT usertable user3227796087934707205 [ field0=*Di*3 ]
READ usertable user3227796087934707205 [ field0 ]
READ usertable user3227796087934707205 [ field0 ]
READ usertable user3227796087934707205 [ field0 ]
READ usertable user3227796087934707205 [ field0 ]
READ usertable user3227796087934707205 [ field0 ]
READ usertable user3227796087934707205 [ field0 ]
INSERT usertable user6521231408463621464 [ field0=$?2!G ]
INSERT usertable user1236834726000471613 [ field0= ?8$# ]
READ usertable user1236834726000471613 [ field0 ]
INSERT usertable user2644821412497278990 [ field0=+5x/T ]
READ usertable user2644821412497278990 [ field0 ]
INSERT usertable user5113244721966814087 [ field0=>Lk.F ]
READ usertable user5113244721966814087 [ field0 ]
READ usertable user5113244721966814087 [ field0 ]
INSERT usertable user1819809401437899828 [ field0=0]s:6 ]
INSERT usertable user8868868537807558711 [ field0=8Q;(N ]
INSERT usertable user6872661033341914990 [ field0=>Lw/S ]
INSERT usertable user3816016905903543549 [ field0=-T?,N ]
INSERT usertable user7109452226432457808 [ field0=0S9%5 ]
READ usertable user7109452226432457808 [ field0 ]
READ usertable user7109452226432457808 [ field0 ]
INSERT usertable user648613908031635269 [ field0=$Ls/M ]
READ usertable user648613908031635269 [ field0 ]
INSERT usertable user3233042230466115334 [ field0=9U%<M ]
READ usertable user3233042230466115334 [ field0 ]
INSERT usertable user4525023903997977743 [ field0=(^{.X ]
READ usertable user4525023903997977743 [ field0 ]
INSERT usertable user1231588583469063484 [ field0=5$"9R ]
READ usertable user1231588583469063484 [ field0 ]
READ usertable user4525023903997977743 [ field0 ]
INSERT usertable user8989654717933156561 [ field0=)_!-? ]
INSERT usertable user6284440215373078646 [ field0=3Tu#E ]
READ usertable user6284440215373078646 [ field0 ]
INSERT usertable user4404237723872379893 [ field0==).9Z ]
READ usertable user4404237723872379893 [ field0 ]
INSERT usertable user7697673044401294152 [ field0=+Ak?E ]
INSERT usertable user60393090062798925 [ field0=#:8,4 ]
INSERT usertable user3821263048434951678 [ field0=4%>-X ]
READ usertable user3821263048434951678 [ field0 ]
INSERT usertable user3936803086029141399 [ field0=' h"C ]
INSERT usertable user643367765500227140 [ field0=3- <3 ]
INSERT usertable user8401433899964320217 [ field0='2z+H ]
INSERT usertable user5696219397404242302 [ field0=$P{7X ]
READ usertable user5696219397404242302 [ field0 ]
INSERT usertable user4992458541841216237 [ field0=-<&8A ]
READ usertable user4992458541841216237 [ field0 ]
INSERT usertable user8285893862370130496 [ field0=)* -T ]
READ usertable user8285893862370130496 [ field0 ]
INSERT usertable user527827727906037419 [ field0=&6|*, ]
READ usertable user527827727906037419 [ field0 ]
INSERT usertable user296282677346902730 [ field0=#Z#<- ]
INSERT usertable user8054348811810995807 [ field0=,;0,L ]
INSERT usertable user4760913491282081548 [ field0=20l7) ]
READ usertable user4760913491282081548 [ field0 ]
INSERT usertable user5927764447963376991 [ field0=*E-=0 ]
INSERT usertable user8632978950523454906 [ field0=?S=84 ]
READ usertable user8632978950523454906 [ field0 ]
READ usertable user8632978950523454906 [ field0 ]
INSERT usertable user874912816059361829 [ field0=$I/- ]
READ usertable user874912816059361829 [ field0 ]
INSERT usertable user4168348136588276088 [ field0=?6.07 ]
INSERT usertable user3589717997875816989 [ field0=.8:=/ ]
INSERT usertable user291938140621933614 [ field0=)3:9@ ]
INSERT usertable user7466127993842159463 [ field0=,6, 0 ]
READ usertable user7466127993842159463 [ field0 ]
INSERT usertable user4172692673313245204 [ field0=:$l3  ]
READ usertable user4172692673313245204 [ field0 ]
INSERT usertable user6515985265932213335 [ field0=0,|:Q ]
INSERT usertable user9221199768492291250 [ field0=>#z;D ]
READ usertable user9221199768492291250 [ field0 ]
READ usertable user9221199768492291250 [ field0 ]
READ usertable user9221199768492291250 [ field0 ]
INSERT usertable user1463133634028198173 [ field0=(Ju&, ]
INSERT usertable user4756568954557112432 [ field0=,O-%\ ]
READ usertable user4756568954557112432 [ field0 ]
READ usertable user4756568954557112432 [ field0 ]
READ usertable user4756568954557112432 [ field0 ]
INSERT usertable user3001497179906980645 [ field0=%Zw/( ]
READ usertable user3001497179906980645 [ field0 ]
INSERT usertable user880158958590769958 [ field0=++" H ]
READ usertable user880158958590769958 [ field0 ]
READ usertable user880158958590769958 [ field0 ]
READ usertable user880158958590769958 [ field0 ]
INSERT usertable user6877907175873323119 [ field0=8@)=G ]
INSERT usertable user3584471855344408860 [ field0=6B/(C ]
READ usertable user3584471855344408860 [ field0 ]
READ usertable user3584471855344408860 [ field0 ]
INSERT usertable user7104206083901049679 [ field0=5A}2M ]
READ usertable user7104206083901049679 [ field0 ]
READ usertable user7104206083901049679 [ field0 ]
INSERT usertable user8637323487248424022 [ field0=)P}:^ ]
INSERT usertable user2051354451997034517 [ field0=**.=\ ]
READ usertable user2051354451997034517 [ field0 ]
READ usertable user2051354451997034517 [ field0 ]
READ usertable user2051354451997034517 [ field0 ]
READ usertable user2051354451997034517 [ field0 ]
READ usertable user2051354451997034517 [ field0 ]
INSERT usertable user5344789772525948776 [ field0=*16); ]
READ usertable user5344789772525948776 [ field0 ]
READ usertable user2051354451997034517 [ field0 ]
INSERT usertable user2413276361938144301 [ field0=,So/M ]
READ usertable user2413276361938144301 [ field0 ]
READ usertable user2413276361938144301 [ field0 ]
INSERT usertable user1468379776559606302 [ field0=$6f.\ ]
INSERT usertable user6289686357904486775 [ field0=(Yy?] ]
INSERT usertable user2996251037375572516 [ field0=1;"1[ ]
INSERT usertable user7692426901869886023 [ field0="Sw2, ]
INSERT usertable user8049102669279587678 [ field0==,  ! ]
READ usertable user8049102669279587678 [ field0 ]
INSERT usertable user2639575269965870861 [ field0=(?v28 ]
INSERT usertable user5933010590494785120 [ field0=55(11 ]
INSERT usertable user1825055543969307957 [ field0=2Ao+E ]
INSERT usertable user6762367138279133398 [ field0=1/0-& ]
READ usertable user6762367138279133398 [ field0 ]
INSERT usertable user995698996184959679 [ field0=2(01J ]
INSERT usertable user2297736324343954580 [ field0=>&b.N ]
READ usertable user2297736324343954580 [ field0 ]
INSERT usertable user5460329810120138497 [ field0=7%h>Z ]
INSERT usertable user2755115307560060582 [ field0=!?4%9 ]
READ usertable user2755115307560060582 [ field0 ]
READ usertable user2755115307560060582 [ field0 ]
INSERT usertable user7933562631685397957 [ field0=%Gg>_ ]
READ usertable user7933562631685397957 [ field0 ]
INSERT usertable user7219746121495239400 [ field0=?Y!0, ]
INSERT usertable user3468931817750219139 [ field0=2M1-? ]
INSERT usertable user7350587956247969742 [ field0=+X{&> ]
READ usertable user3468931817750219139 [ field0 ]
INSERT usertable user407478178216123335 [ field0=7>z;K ]
READ usertable user407478178216123335 [ field0 ]
READ usertable user407478178216123335 [ field0 ]
READ usertable user407478178216123335 [ field0 ]
INSERT usertable user2885957142312790924 [ field0=6' $= ]
INSERT usertable user4872108992151302153 [ field0=:O{&Z ]
READ usertable user4872108992151302153 [ field0 ]
READ usertable user4872108992151302153 [ field0 ]
INSERT usertable user2166894489591224238 [ field0=;]w6? ]
READ usertable user2166894489591224238 [ field0 ]
READ usertable user2166894489591224238 [ field0 ]
READ usertable user2166894489591224238 [ field0 ]
INSERT usertable user8521783449654234301 [ field0=8,"5S ]
INSERT usertable user6631525303526403056 [ field0=8=t#? ]
INSERT usertable user4057152635719055483 [ field0=+K# 6 ]
READ usertable user4057152635719055483 [ field0 ]
READ usertable user4057152635719055483 [ field0 ]
INSERT usertable user7938808774216806086 [ field0==8h#H ]
INSERT usertable user180742639752713009 [ field0=:[a&M ]
INSERT usertable user3474177960281627268 [ field0=>Mi?5 ]
READ usertable user3474177960281627268 [ field0 ]
READ usertable user3474177960281627268 [ field0 ]
READ usertable user3474177960281627268 [ field0 ]
READ usertable user3474177960281627268 [ field0 ]
INSERT usertable user4283888174182465809 [ field0=!7n3- ]
INSERT usertable user1578673671622387894 [ field0=8#~*6 ]
INSERT usertable user9110004267623070645 [ field0=/Jy;X ]
INSERT usertable user6043304485557566712 [ field0=!9$4  ]
READ usertable user6043304485557566712 [ field0 ]
INSERT usertable user4645373453687891827 [ field0=-?r/1 ]
INSERT usertable user8527029592185642430 [ field0=#]q>) ]
READ usertable user8527029592185642430 [ field0 ]
INSERT usertable user768963457721549353 [ field0==H1(1 ]
READ usertable user768963457721549353 [ field0 ]
INSERT usertable user4062398778250463612 [ field0=4/ %< ]
INSERT usertable user3695667356213629465 [ field0=?;:5T ]
READ usertable user3695667356213629465 [ field0 ]
INSERT usertable user990452853653551550 [ field0=?0f.7 ]
INSERT usertable user8748518988117644627 [ field0=*9~&S ]
READ usertable user8748518988117644627 [ field0 ]
READ usertable user8748518988117644627 [ field0 ]
INSERT usertable user5455083667588730368 [ field0=0>r/" ]
READ usertable user8748518988117644627 [ field0 ]
INSERT usertable user5233594271656728171 [ field0=9J?A ]
INSERT usertable user4409483866403788022 [ field0="D15A ]
INSERT usertable user3348582268060305055 [ field0=.3,-< ]
INSERT usertable user55146947531390796 [ field0=1V%!; ]
READ usertable user55146947531390796 [ field0 ]
READ usertable user55146947531390796 [ field0 ]
READ usertable user55146947531390796 [ field0 ]
INSERT usertable user7813213081995483873 [ field0=8J9-C ]
READ usertable user7813213081995483873 [ field0 ]
INSERT usertable user5107998579435405958 [ field0=$Qm#2 ]
INSERT usertable user5580679359810052581 [ field0=5J74V ]
INSERT usertable user8874114680338966840 [ field0=,Ms"9 ]
READ usertable user8874114680338966840 [ field0 ]
READ usertable user8874114680338966840 [ field0 ]
READ usertable user5580679359810052581 [ field0 ]
INSERT usertable user1116048545874873763 [ field0=&^;-- ]
INSERT usertable user4997704684372624366 [ field0=/A?-R ]
READ usertable user4997704684372624366 [ field0 ]
INSERT usertable user2760361450091468711 [ field0=&N/ $ ]
INSERT usertable user533073870437445548 [ field0=.&6<) ]
READ usertable user2760361450091468711 [ field0 ]
READ usertable user533073870437445548 [ field0 ]
INSERT usertable user7224992264026647529 [ field0=(Oq.D ]
READ usertable user7224992264026647529 [ field0 ]
INSERT usertable user4519777761466569614 [ field0=6Qu3& ]
INSERT usertable user6168900177778888925 [ field0=5'z6K ]
READ usertable user6168900177778888925 [ field0 ]
INSERT usertable user8984408575401748432 [ field0=-D51! ]
READ usertable user8984408575401748432 [ field0 ]
INSERT usertable user1704269363843710107 [ field0=(]m6> ]
INSERT usertable user5585925502341460710 [ field0=#." - ]
INSERT usertable user2172140632122632367 [ field0=64p#' ]
INSERT usertable user1121294688406281892 [ field0=0M/,/ ]
READ usertable user1121294688406281892 [ field0 ]
READ usertable user1121294688406281892 [ field0 ]
INSERT usertable user6636771446057811185 [ field0=!+6<7 ]
READ usertable user6636771446057811185 [ field0 ]
READ usertable user6636771446057811185 [ field0 ]
INSERT usertable user3931556943497733270 [ field0=.['0O ]
INSERT usertable user6757120995747725269 [ field0=&[s#> ]
INSERT usertable user8396187757432912088 [ field0=/I-=T ]
INSERT usertable user2292490181812546451 [ field0=?4p+/ ]
READ usertable user2292490181812546451 [ field0 ]
INSERT usertable user6174146320310297054 [ field0=(8~6, ]
INSERT usertable user1583919814153796023 [ field0=/809C ]
INSERT usertable user1709515506375118236 [ field0=*Mi&8 ]
READ usertable user1709515506375118236 [ field0 ]
READ usertable user1709515506375118236 [ field0 ]
READ usertable user1709515506375118236 [ field0 ]
INSERT usertable user6048550628088974841 [ field0=6Kq'& ]
INSERT usertable user3343336125528896926 [ field0=/Eu'- ]
INSERT usertable user7345341813716561613 [ field0= 5v6S ]
INSERT usertable user7807966939464075744 [ field0=1888/ ]
INSERT usertable user2880710999781382795 [ field0='#~:X ]
READ usertable user2880710999781382795 [ field0 ]
READ usertable user2880710999781382795 [ field0 ]
INSERT usertable user6978610391679727466 [ field0= +l'D ]
INSERT usertable user3710067547565731073 [ field0=&4v>( ]
INSERT usertable user7003502868094645332 [ field0=9G?=$ ]
READ usertable user7003502868094645332 [ field0 ]
READ usertable user7003502868094645332 [ field0 ]
READ usertable user7003502868094645332 [ field0 ]
INSERT usertable user754563266369447745 [ field0=)S7<] ]
INSERT usertable user1950651236190630170 [ field0=?>p?\ ]
INSERT usertable user5807414898273462907 [ field0="Gu?= ]
READ usertable user5807414898273462907 [ field0 ]
INSERT usertable user2513979577744548648 [ field0=/2z6+ ]
READ usertable user2513979577744548648 [ field0 ]
INSERT usertable user8174698361500909891 [ field0=57|&Q ]
INSERT usertable user6390389573710891122 [ field0=#7d'\ ]
READ usertable user6390389573710891122 [ field0 ]
READ usertable user6390389573710891122 [ field0 ]
INSERT usertable user4298288365534567417 [ field0=(@k.. ]
READ usertable user4298288365534567417 [ field0 ]
READ usertable user4298288365534567417 [ field0 ]
READ usertable user4298288365534567417 [ field0 ]
READ usertable user4298288365534567417 [ field0 ]
READ usertable user4298288365534567417 [ field0 ]
INSERT usertable user7591723686063481676 [ field0=&9<$@ ]
READ usertable user7591723686063481676 [ field0 ]
INSERT usertable user166342448400611401 [ field0=9;`*; ]
INSERT usertable user2538872054159466514 [ field0=$-<$$ ]
INSERT usertable user5219194080304626563 [ field0=40(8P ]
INSERT usertable user1925758759775712304 [ field0=#5 18 ]
READ usertable user5219194080304626563 [ field0 ]
INSERT usertable user8762919179469746235 [ field0=95n:E ]
INSERT usertable user5802168755742054778 [ field0=:#`:  ]
READ usertable user5802168755742054778 [ field0 ]
READ usertable user5802168755742054778 [ field0 ]
READ usertable user5802168755742054778 [ field0 ]
READ usertable user5802168755742054778 [ field0 ]
INSERT usertable user4886509183503403761 [ field0=8Ns7( ]
INSERT usertable user8179944504032318020 [ field0=1*|/: ]
INSERT usertable user421878369568224943 [ field0=(D}7M ]
INSERT usertable user3127092872128302858 [ field0=-@3!# ]
READ usertable user3127092872128302858 [ field0 ]
INSERT usertable user4630973262335790219 [ field0=/Xa;. ]
READ usertable user4630973262335790219 [ field0 ]
INSERT usertable user1337537941806875960 [ field0=:Zq+G ]
READ usertable user1337537941806875960 [ field0 ]
INSERT usertable user9095604076270969037 [ field0=3?:%( ]
READ usertable user9095604076270969037 [ field0 ]
INSERT usertable user5213947937773218434 [ field0=,Yy#. ]
INSERT usertable user5474730001472240105 [ field0=,[g#^ ]
READ usertable user5474730001472240105 [ field0 ]
READ usertable user5474730001472240105 [ field0 ]
READ usertable user5474730001472240105 [ field0 ]
READ usertable user5474730001472240105 [ field0 ]
INSERT usertable user8768165322001154364 [ field0=1F+%I ]
INSERT usertable user1010099187537061287 [ field0=0Z/(" ]
INSERT usertable user3715313690097139202 [ field0=:=4=+ ]
READ usertable user3715313690097139202 [ field0 ]
INSERT usertable user4042752444366953875 [ field0=3"v+' ]
INSERT usertable user749317123838039616 [ field0="Yi7M ]
INSERT usertable user8507383258302132693 [ field0=,*|3? ]
INSERT usertable user9115250410154478774 [ field0=+"j:W ]
READ usertable user9115250410154478774 [ field0 ]
INSERT usertable user1357184275690385697 [ field0=7Iu/4 ]
READ usertable user1357184275690385697 [ field0 ]
INSERT usertable user4650619596219299956 [ field0= 14<) ]
INSERT usertable user3107446538244793121 [ field0=5T#0K ]
READ usertable user3107446538244793121 [ field0 ]
INSERT usertable user402232035684715206 [ field0=($00C ]
READ usertable user402232035684715206 [ field0 ]
READ usertable user402232035684715206 [ field0 ]
INSERT usertable user8160298170148808283 [ field0=4Ly3R ]
INSERT usertable user4866862849619894024 [ field0=*U'!W ]
INSERT usertable user5821815089625564515 [ field0=(8:$! ]
READ usertable user5821815089625564515 [ field0 ]
INSERT usertable user8743272845586236498 [ field0=4Uw.7 ]
INSERT usertable user1945405093659222041 [ field0=(Fa:T ]
READ usertable user1945405093659222041 [ field0 ]
READ usertable user1945405093659222041 [ field0 ]
INSERT usertable user5238840414188136300 [ field0=9S?%2 ]
READ usertable user5238840414188136300 [ field0 ]
READ usertable user5238840414188136300 [ field0 ]
INSERT usertable user2519225720275956777 [ field0=:>l"^ ]
READ usertable user2519225720275956777 [ field0 ]
INSERT usertable user185988782284121138 [ field0=/!l/_ ]
INSERT usertable user7572077352179971939 [ field0=0:*4P ]
READ usertable user7572077352179971939 [ field0 ]
INSERT usertable user4278642031651057680 [ field0=?)$00 ]
INSERT usertable user6410035907594400859 [ field0=8K;(@ ]
INSERT usertable user8155052027617400154 [ field0==U!8. ]
READ usertable user6410035907594400859 [ field0 ]
INSERT usertable user2533625911628058385 [ field0=3'x*U ]
INSERT usertable user5827061232156972644 [ field0=/" $U ]
READ usertable user5827061232156972644 [ field0 ]
INSERT usertable user1931004902307120433 [ field0=#_{2T ]
INSERT usertable user774209600252957482 [ field0=8^-4/ ]
READ usertable user774209600252957482 [ field0 ]
INSERT usertable user6983856534211135595 [ field0=!<~7= ]
READ usertable user6983856534211135595 [ field0 ]
READ usertable user6983856534211135595 [ field0 ]
INSERT usertable user3690421213682221336 [ field0=(Y%$) ]
READ usertable user3690421213682221336 [ field0 ]
READ usertable user6983856534211135595 [ field0 ]
READ usertable user3690421213682221336 [ field0 ]
INSERT usertable user6998256725563237203 [ field0=7T5$E ]
INSERT usertable user7566831209648563810 [ field0= \?)8 ]
READ usertable user7566831209648563810 [ field0 ]
INSERT usertable user3121846729596894729 [ field0=!(v"3 ]
INSERT usertable user6415282050125808988 [ field0=(:.,Z ]
READ usertable user6415282050125808988 [ field0 ]
READ usertable user6415282050125808988 [ field0 ]
INSERT usertable user1342784084338284089 [ field0=)38!+ ]
READ usertable user1342784084338284089 [ field0 ]
READ usertable user1342784084338284089 [ field0 ]
INSERT usertable user1362430418221793826 [ field0=<Yg'\ ]
READ usertable user1362430418221793826 [ field0 ]
INSERT usertable user6395635716242299251 [ field0= F')_ ]
READ usertable user6395635716242299251 [ field0 ]
INSERT usertable user3102200395713384992 [ field0=5;h#U ]
INSERT usertable user7586477543532073547 [ field0=+Wi3H ]
READ usertable user7586477543532073547 [ field0 ]
READ usertable user7586477543532073547 [ field0 ]
READ usertable user7586477543532073547 [ field0 ]
INSERT usertable user2272843847929036714 [ field0=2 n:X ]
READ usertable user2272843847929036714 [ field0 ]
READ usertable user2272843847929036714 [ field0 ]
READ usertable user2272843847929036714 [ field0 ]
READ usertable user2272843847929036714 [ field0 ]
INSERT usertable user8415834091316421825 [ field0=%=>9+ ]
READ usertable user8415834091316421825 [ field0 ]
INSERT usertable user6737474661864215532 [ field0=+.<1M ]
READ usertable user6737474661864215532 [ field0 ]
INSERT usertable user3951203277381243007 [ field0= (z&M ]
INSERT usertable user6656417779941320922 [ field0=+V'0? ]
READ usertable user3951203277381243007 [ field0 ]
READ usertable user6656417779941320922 [ field0 ]
READ usertable user6656417779941320922 [ field0 ]
READ usertable user6656417779941320922 [ field0 ]
INSERT usertable user1101648354522772155 [ field0=+Yc?S ]
INSERT usertable user2191786966006142104 [ field0=,825K ]
INSERT usertable user5566279168457950973 [ field0=%(j+) ]
READ usertable user5566279168457950973 [ field0 ]
INSERT usertable user1684623029960200370 [ field0=4@e:* ]
INSERT usertable user9004054909285258169 [ field0=0>j+3 ]
INSERT usertable user6149253843895379188 [ field0=3/p.. ]
READ usertable user6149253843895379188 [ field0 ]
INSERT usertable user4539424095350079351 [ field0=7Yq.M ]
READ usertable user6149253843895379188 [ field0 ]
INSERT usertable user7244638597910157266 [ field0=.,.)2 ]
READ usertable user7244638597910157266 [ field0 ]
INSERT usertable user513427536553935811 [ field0=%P!!+ ]
INSERT usertable user2780007783974978448 [ field0=.D}?S ]
READ usertable user2780007783974978448 [ field0 ]
INSERT usertable user4978058350489114629 [ field0=/Vg?$ ]
INSERT usertable user1096402211991364026 [ field0=+Ku&/ ]
INSERT usertable user8854468346455457103 [ field0=!Gs"! ]
INSERT usertable user5561033025926542844 [ field0=4!z:L ]
INSERT usertable user5127644913318915695 [ field0=;K=8S ]
READ usertable user5127644913318915695 [ field0 ]
INSERT usertable user7832859415878993610 [ field0=(P71V ]
READ usertable user7832859415878993610 [ field0 ]
READ usertable user7832859415878993610 [ field0 ]
INSERT usertable user74793281414900533 [ field0=-8,!P ]
INSERT usertable user3368228601943814792 [ field0="0j/X ]
READ usertable user3368228601943814792 [ field0 ]
READ usertable user3368228601943814792 [ field0 ]
READ usertable user3368228601943814792 [ field0 ]
INSERT usertable user4389837532520278285 [ field0=<P-,8 ]
INSERT usertable user508181394022527682 [ field0=3<&,F ]
INSERT usertable user8266247528486620759 [ field0=9V10R ]
READ usertable user8266247528486620759 [ field0 ]
INSERT usertable user4972812207957706500 [ field0=/Qa:Y ]
INSERT usertable user5715865731287752039 [ field0= _g.F ]
READ usertable user4972812207957706500 [ field0 ]
READ usertable user5715865731287752039 [ field0 ]
READ usertable user4972812207957706500 [ field0 ]
READ usertable user5715865731287752039 [ field0 ]
READ usertable user5715865731287752039 [ field0 ]
READ usertable user5715865731287752039 [ field0 ]
INSERT usertable user8421080233847829954 [ field0= Lm7< ]
READ usertable user8421080233847829954 [ field0 ]
READ usertable user5715865731287752039 [ field0 ]
READ usertable user8421080233847829954 [ field0 ]
INSERT usertable user663014099383736877 [ field0=6<v"I ]
INSERT usertable user3956449419912651136 [ field0=;/`7? ]
READ usertable user663014099383736877 [ field0 ]
READ usertable user663014099383736877 [ field0 ]
READ usertable user3956449419912651136 [ field0 ]
INSERT usertable user3801616714551441941 [ field0=;Xy7J ]
READ usertable user3801616714551441941 [ field0 ]
READ usertable user3801616714551441941 [ field0 ]
INSERT usertable user4625727119804382090 [ field0=<Ea23 ]
INSERT usertable user6062950819441076449 [ field0=82(5" ]
READ usertable user6062950819441076449 [ field0 ]
INSERT usertable user9090357933739560908 [ field0=!Ii+$ ]
INSERT usertable user1598320005505897631 [ field0=!$n"L ]
READ usertable user1598320005505897631 [ field0 ]
READ usertable user1598320005505897631 [ field0 ]
INSERT usertable user4303534508065975546 [ field0=%Ts2M ]
READ usertable user4303534508065975546 [ field0 ]
READ usertable user4303534508065975546 [ field0 ]
INSERT usertable user3454531626398117531 [ field0=6P}.! ]
READ usertable user3454531626398117531 [ field0 ]
INSERT usertable user161096305869203272 [ field0=3Xq'K ]
INSERT usertable user7919162440333296349 [ field0=6>`&R ]
INSERT usertable user4037506301835545746 [ field0=3R:9 ]
INSERT usertable user6651171637409912793 [ field0=5'"=8 ]
READ usertable user6651171637409912793 [ field0 ]
READ usertable user6651171637409912793 [ field0 ]
INSERT usertable user8502137115770724564 [ field0=%,f;G ]
READ usertable user8502137115770724564 [ field0 ]
